<?xml version="1.0" encoding="UTF-8"?>
<!-- Generated by org.testng.reporters.JUnitReportReporter -->
<testsuite hostname="bablee" failures="0" tests="1" name="com.zoopla.myrunner.ZooplaMyRunner" time="20.733" errors="0" timestamp="05 Sep 2022 19:59:14 GMT" skipped="0">
  <testcase classname="com.zoopla.myrunner.ZooplaMyRunner" name="runScenario" time="20.733"/>
</testsuite> <!-- com.zoopla.myrunner.ZooplaMyRunner -->
